2023-11-24 15:42:32 [INFO ] env=racetrack-v0
2023-11-24 15:42:32 [INFO ] state_dim=968
2023-11-24 15:42:32 [INFO ] action_dim=1
2023-11-24 15:42:32 [INFO ] max_action=1.0
2023-11-24 15:42:33 [INFO ] total_steps: 30, episode reward: [2.266946844390926], time_used: 0
2023-11-24 15:42:33 [INFO ] total_steps: 60, episode reward: [2.383891015295359], time_used: 0
2023-11-24 15:42:34 [INFO ] total_steps: 90, episode reward: [1.5289082705034878], time_used: 1
2023-11-24 15:42:34 [INFO ] total_steps: 120, episode reward: [0.0], time_used: 1
2023-11-24 15:42:34 [INFO ] total_steps: 150, episode reward: [3.9382098229471025], time_used: 2
2023-11-24 15:42:35 [INFO ] total_steps: 180, episode reward: [2.385931332630875], time_used: 2
2023-11-24 15:42:35 [INFO ] total_steps: 210, episode reward: [3.472331175374455], time_used: 2
2023-11-24 15:42:36 [INFO ] total_steps: 240, episode reward: [7.629772047986311], time_used: 3
2023-11-24 15:42:36 [INFO ] total_steps: 270, episode reward: [1.9491174788049839], time_used: 3
2023-11-24 15:42:37 [INFO ] total_steps: 300, episode reward: [0.583396846017686], time_used: 4
2023-11-24 15:42:37 [INFO ] total_steps: 330, episode reward: [4.514232668426093], time_used: 4
2023-11-24 15:42:37 [INFO ] total_steps: 360, episode reward: [3.054171657301647], time_used: 4
2023-11-24 15:42:38 [INFO ] total_steps: 390, episode reward: [2.1005280280203804], time_used: 5
2023-11-24 15:42:38 [INFO ] total_steps: 420, episode reward: [0.5410239053634098], time_used: 5
2023-11-24 15:42:39 [INFO ] total_steps: 450, episode reward: [4.66456617726145], time_used: 6
2023-11-24 15:42:39 [INFO ] total_steps: 480, episode reward: [1.2776698410221579], time_used: 6
2023-11-24 15:42:39 [INFO ] total_steps: 510, episode reward: [0.5373739368988328], time_used: 6
2023-11-24 15:42:40 [INFO ] total_steps: 540, episode reward: [2.979515440738544], time_used: 7
2023-11-24 15:42:40 [INFO ] total_steps: 570, episode reward: [2.523977527573845], time_used: 7
2023-11-24 15:42:41 [INFO ] total_steps: 599, episode reward: [3.4710071850045257], time_used: 8
2023-11-24 15:42:41 [INFO ] total_steps: 629, episode reward: [5.531965118293126], time_used: 8
2023-11-24 15:42:41 [INFO ] total_steps: 659, episode reward: [1.353589563067096], time_used: 8
2023-11-24 15:42:42 [INFO ] total_steps: 689, episode reward: [0.0], time_used: 9
2023-11-24 15:42:42 [INFO ] total_steps: 719, episode reward: [4.338120956154898], time_used: 9
2023-11-24 15:42:43 [INFO ] total_steps: 749, episode reward: [2.021456469703779], time_used: 10
2023-11-24 15:42:43 [INFO ] total_steps: 763, episode reward: [0.5634623612130774], time_used: 10
2023-11-24 15:42:43 [INFO ] total_steps: 793, episode reward: [1.4437362279608958], time_used: 10
2023-11-24 15:42:44 [INFO ] total_steps: 823, episode reward: [3.224234144895761], time_used: 11
2023-11-24 15:42:44 [INFO ] total_steps: 853, episode reward: [0.0], time_used: 11
2023-11-24 15:42:45 [INFO ] total_steps: 883, episode reward: [3.4003061989690995], time_used: 12
2023-11-24 15:42:45 [INFO ] total_steps: 890, episode reward: [2.261961928101018], time_used: 12
2023-11-24 15:42:45 [INFO ] total_steps: 920, episode reward: [0.9304833012267226], time_used: 12
2023-11-24 15:42:46 [INFO ] total_steps: 950, episode reward: [1.01957534992186], time_used: 13
2023-11-24 15:42:46 [INFO ] total_steps: 980, episode reward: [1.3188079472770258], time_used: 13
2023-11-24 15:42:46 [INFO ] total_steps: 1010, episode reward: [0.5272496015469079], time_used: 13
2023-11-24 15:42:47 [INFO ] total_steps: 1040, episode reward: [3.548574389372905], time_used: 14
2023-11-24 15:42:47 [INFO ] total_steps: 1070, episode reward: [2.3810345203774634], time_used: 14
2023-11-24 15:42:47 [INFO ] total_steps: 1081, episode reward: [1.8246597815184251], time_used: 14
2023-11-24 15:42:48 [INFO ] total_steps: 1111, episode reward: [1.3713927429613857], time_used: 15
2023-11-24 15:42:48 [INFO ] total_steps: 1141, episode reward: [5.708377776083577], time_used: 15
2023-11-24 15:42:49 [INFO ] total_steps: 1171, episode reward: [1.900074161162242], time_used: 16
2023-11-24 15:42:49 [INFO ] total_steps: 1201, episode reward: [0.4577950233562222], time_used: 16
2023-11-24 15:42:49 [INFO ] total_steps: 1215, episode reward: [2.074928172936419], time_used: 16
2023-11-24 15:42:49 [INFO ] total_steps: 1232, episode reward: [1.3495878737092242], time_used: 16
2023-11-24 15:42:50 [INFO ] total_steps: 1262, episode reward: [0.0], time_used: 17
2023-11-24 15:42:50 [INFO ] total_steps: 1292, episode reward: [3.717305877193179], time_used: 17
2023-11-24 15:42:51 [INFO ] total_steps: 1322, episode reward: [0.9932268775002797], time_used: 18
2023-11-24 15:42:51 [INFO ] total_steps: 1352, episode reward: [0.0], time_used: 18
2023-11-24 15:42:51 [INFO ] total_steps: 1382, episode reward: [2.6256053727244892], time_used: 19
2023-11-24 15:42:52 [INFO ] total_steps: 1412, episode reward: [1.5868778265215826], time_used: 19
2023-11-24 15:42:52 [INFO ] total_steps: 1442, episode reward: [2.58698765513939], time_used: 19
2023-11-24 15:42:53 [INFO ] total_steps: 1472, episode reward: [2.344205314430918], time_used: 20
2023-11-24 15:42:53 [INFO ] total_steps: 1502, episode reward: [0.42015182199645973], time_used: 20
2023-11-24 15:42:53 [INFO ] total_steps: 1532, episode reward: [3.0952816859647405], time_used: 21
2023-11-24 15:42:54 [INFO ] total_steps: 1562, episode reward: [2.8538801955155657], time_used: 21
2023-11-24 15:42:54 [INFO ] total_steps: 1592, episode reward: [5.483777523286486], time_used: 21
2023-11-24 15:42:55 [INFO ] total_steps: 1622, episode reward: [3.4911212258598656], time_used: 22
2023-11-24 15:42:55 [INFO ] total_steps: 1652, episode reward: [2.3809619076062796], time_used: 22
2023-11-24 15:42:56 [INFO ] total_steps: 1682, episode reward: [0.7692833054615871], time_used: 23
2023-11-24 15:42:56 [INFO ] total_steps: 1712, episode reward: [0.4887401047766808], time_used: 23
2023-11-24 15:42:56 [INFO ] total_steps: 1742, episode reward: [3.9192906065652315], time_used: 23
2023-11-24 15:42:57 [INFO ] total_steps: 1772, episode reward: [3.4227409806526667], time_used: 24
2023-11-24 15:42:57 [INFO ] total_steps: 1802, episode reward: [0.0], time_used: 24
2023-11-24 15:42:58 [INFO ] total_steps: 1832, episode reward: [4.71722004647498], time_used: 25
2023-11-24 15:42:58 [INFO ] total_steps: 1862, episode reward: [0.41578273402795113], time_used: 25
2023-11-24 15:42:58 [INFO ] total_steps: 1892, episode reward: [3.948523167660454], time_used: 25
2023-11-24 15:42:59 [INFO ] total_steps: 1922, episode reward: [0.5414468967854005], time_used: 26
2023-11-24 15:42:59 [INFO ] total_steps: 1952, episode reward: [5.660022682160477], time_used: 26
2023-11-24 15:43:00 [INFO ] total_steps: 1982, episode reward: [1.515074915105368], time_used: 27
2023-11-24 15:43:00 [INFO ] total_steps: 2012, episode reward: [5.656867189859043], time_used: 27
2023-11-24 15:43:00 [INFO ] total_steps: 2025, episode reward: [1.6735911421460592], time_used: 27
2023-11-24 15:43:00 [INFO ] total_steps: 2032, episode reward: [0.4916973851946862], time_used: 27
2023-11-24 15:43:01 [INFO ] total_steps: 2062, episode reward: [3.2656600857119975], time_used: 28
2023-11-24 15:43:01 [INFO ] total_steps: 2075, episode reward: [0.856912961297893], time_used: 28
2023-11-24 15:43:01 [INFO ] total_steps: 2078, episode reward: [0.35034414482355036], time_used: 28
2023-11-24 15:43:01 [INFO ] total_steps: 2108, episode reward: [3.0448221011010954], time_used: 28
2023-11-24 15:43:02 [INFO ] total_steps: 2138, episode reward: [2.785901111095721], time_used: 29
2023-11-24 15:43:02 [INFO ] total_steps: 2168, episode reward: [2.2613239335271604], time_used: 29
2023-11-24 15:43:03 [INFO ] total_steps: 2198, episode reward: [2.457209674066241], time_used: 30
2023-11-24 15:43:03 [INFO ] total_steps: 2228, episode reward: [0.0], time_used: 30
2023-11-24 15:43:03 [INFO ] total_steps: 2258, episode reward: [2.237201114635979], time_used: 30
2023-11-24 15:43:04 [INFO ] total_steps: 2288, episode reward: [1.0656219371333606], time_used: 31
2023-11-24 15:43:04 [INFO ] total_steps: 2318, episode reward: [1.3493973475491732], time_used: 31
2023-11-24 15:43:05 [INFO ] total_steps: 2348, episode reward: [0.0], time_used: 32
2023-11-24 15:43:05 [INFO ] total_steps: 2378, episode reward: [0.4277768191901524], time_used: 32
2023-11-24 15:43:05 [INFO ] total_steps: 2408, episode reward: [0.0], time_used: 33
2023-11-24 15:43:06 [INFO ] total_steps: 2438, episode reward: [1.4514786022032307], time_used: 33
2023-11-24 15:43:06 [INFO ] total_steps: 2468, episode reward: [0.0], time_used: 33
2023-11-24 15:43:06 [INFO ] total_steps: 2478, episode reward: [1.2009890969030719], time_used: 33
2023-11-24 15:43:07 [INFO ] total_steps: 2508, episode reward: [0.8262843175344863], time_used: 34
2023-11-24 15:43:07 [INFO ] total_steps: 2538, episode reward: [4.917529586203419], time_used: 34
2023-11-24 15:43:08 [INFO ] total_steps: 2568, episode reward: [0.0], time_used: 35
2023-11-24 15:43:08 [INFO ] total_steps: 2598, episode reward: [2.008339427757491], time_used: 35
2023-11-24 15:43:09 [INFO ] total_steps: 2628, episode reward: [0.8537103974604905], time_used: 36
2023-11-24 15:43:09 [INFO ] total_steps: 2658, episode reward: [3.7981039095158184], time_used: 36
2023-11-24 15:43:09 [INFO ] total_steps: 2666, episode reward: [1.116366485798988], time_used: 36
2023-11-24 15:43:09 [INFO ] total_steps: 2696, episode reward: [0.0], time_used: 36
2023-11-24 15:43:10 [INFO ] total_steps: 2726, episode reward: [4.186059650551007], time_used: 37
2023-11-24 15:43:10 [INFO ] total_steps: 2756, episode reward: [3.5264455307027402], time_used: 37
2023-11-24 15:43:11 [INFO ] total_steps: 2786, episode reward: [1.8783546544359058], time_used: 38
2023-11-24 15:43:11 [INFO ] total_steps: 2816, episode reward: [0.0], time_used: 38
2023-11-24 15:43:12 [INFO ] total_steps: 2846, episode reward: [0.9387574185618122], time_used: 39
2023-11-24 15:43:12 [INFO ] total_steps: 2876, episode reward: [2.365439205371134], time_used: 39
2023-11-24 15:43:12 [INFO ] total_steps: 2906, episode reward: [2.656454667850511], time_used: 39
2023-11-24 15:43:13 [INFO ] total_steps: 2936, episode reward: [4.837010749967026], time_used: 40
2023-11-24 15:43:13 [INFO ] total_steps: 2966, episode reward: [4.619286153821841], time_used: 40
2023-11-24 15:43:14 [INFO ] total_steps: 2996, episode reward: [1.0780978260828897], time_used: 41
2023-11-24 15:43:14 [INFO ] total_steps: 3026, episode reward: [0.5016997939150671], time_used: 41
2023-11-24 15:43:14 [INFO ] total_steps: 3056, episode reward: [0.7447534832222207], time_used: 41
2023-11-24 15:43:15 [INFO ] total_steps: 3086, episode reward: [6.558363010728776], time_used: 42
2023-11-24 15:43:15 [INFO ] total_steps: 3116, episode reward: [2.0530564576630335], time_used: 42
2023-11-24 15:43:16 [INFO ] total_steps: 3146, episode reward: [2.911437086734879], time_used: 43
2023-11-24 15:43:16 [INFO ] total_steps: 3176, episode reward: [2.1061902668905077], time_used: 43
2023-11-24 15:43:16 [INFO ] total_steps: 3206, episode reward: [1.546324551282635], time_used: 44
2023-11-24 15:43:17 [INFO ] total_steps: 3236, episode reward: [1.7488670764676553], time_used: 44
2023-11-24 15:43:17 [INFO ] total_steps: 3266, episode reward: [1.9749229104038089], time_used: 44
2023-11-24 15:43:18 [INFO ] total_steps: 3296, episode reward: [1.9010775549387577], time_used: 45
2023-11-24 15:43:18 [INFO ] total_steps: 3326, episode reward: [3.1486518004308457], time_used: 45
2023-11-24 15:43:19 [INFO ] total_steps: 3356, episode reward: [1.0553140003125803], time_used: 46
2023-11-24 15:43:19 [INFO ] total_steps: 3386, episode reward: [0.9907876876904954], time_used: 46
2023-11-24 15:43:19 [INFO ] total_steps: 3404, episode reward: [1.7139403575668928], time_used: 46
2023-11-24 15:43:20 [INFO ] total_steps: 3434, episode reward: [2.8801557063953536], time_used: 47
2023-11-24 15:43:20 [INFO ] total_steps: 3464, episode reward: [0.6941831491190651], time_used: 47
2023-11-24 15:43:21 [INFO ] total_steps: 3494, episode reward: [3.503318185692361], time_used: 48
2023-11-24 15:43:21 [INFO ] total_steps: 3524, episode reward: [1.4661674167204417], time_used: 48
2023-11-24 15:43:21 [INFO ] total_steps: 3554, episode reward: [6.889688699580446], time_used: 48
2023-11-24 15:43:22 [INFO ] total_steps: 3584, episode reward: [1.2056917869011148], time_used: 49
2023-11-24 15:43:22 [INFO ] total_steps: 3614, episode reward: [2.749695428153865], time_used: 49
2023-11-24 15:43:23 [INFO ] total_steps: 3644, episode reward: [3.5563161392271425], time_used: 50
2023-11-24 15:43:23 [INFO ] total_steps: 3674, episode reward: [0.0], time_used: 50
2023-11-24 15:43:24 [INFO ] total_steps: 3704, episode reward: [1.101351073261879], time_used: 51
2023-11-24 15:43:24 [INFO ] total_steps: 3734, episode reward: [2.2383108572701964], time_used: 51
2023-11-24 15:43:24 [INFO ] total_steps: 3764, episode reward: [1.776844056987375], time_used: 51
2023-11-24 15:43:25 [INFO ] total_steps: 3794, episode reward: [1.0823147299810478], time_used: 52
2023-11-24 15:43:25 [INFO ] total_steps: 3824, episode reward: [5.892618530495684], time_used: 52
2023-11-24 15:43:26 [INFO ] total_steps: 3854, episode reward: [5.557660060834064], time_used: 53
2023-11-24 15:43:26 [INFO ] total_steps: 3884, episode reward: [0.43076252908624335], time_used: 53
2023-11-24 15:43:27 [INFO ] total_steps: 3914, episode reward: [0.0], time_used: 54
2023-11-24 15:43:27 [INFO ] total_steps: 3944, episode reward: [5.640502864920727], time_used: 54
2023-11-24 15:43:27 [INFO ] total_steps: 3974, episode reward: [2.5150118976861746], time_used: 54
2023-11-24 15:43:28 [INFO ] total_steps: 4004, episode reward: [0.0], time_used: 55
2023-11-24 15:43:28 [INFO ] total_steps: 4034, episode reward: [2.9487768069146942], time_used: 55
2023-11-24 15:43:29 [INFO ] total_steps: 4064, episode reward: [0.7420982510312776], time_used: 56
2023-11-24 15:43:29 [INFO ] total_steps: 4094, episode reward: [1.40907814703562], time_used: 56
2023-11-24 15:43:30 [INFO ] total_steps: 4124, episode reward: [0.0], time_used: 57
2023-11-24 15:43:30 [INFO ] total_steps: 4154, episode reward: [0.5396810610674284], time_used: 57
2023-11-24 15:43:30 [INFO ] total_steps: 4184, episode reward: [0.0], time_used: 57
2023-11-24 15:43:31 [INFO ] total_steps: 4214, episode reward: [0.9201572128856201], time_used: 58
2023-11-24 15:43:31 [INFO ] total_steps: 4244, episode reward: [0.5349959541693358], time_used: 58
2023-11-24 15:43:32 [INFO ] total_steps: 4274, episode reward: [1.7608341822397433], time_used: 59
2023-11-24 15:43:32 [INFO ] total_steps: 4304, episode reward: [2.274919426514788], time_used: 59
2023-11-24 15:43:32 [INFO ] total_steps: 4334, episode reward: [1.9919947486208731], time_used: 59
2023-11-24 15:43:33 [INFO ] total_steps: 4364, episode reward: [2.6485668546045598], time_used: 60
2023-11-24 15:43:33 [INFO ] total_steps: 4394, episode reward: [0.0], time_used: 60
2023-11-24 15:43:33 [INFO ] total_steps: 4399, episode reward: [2.2803124856589556], time_used: 60
2023-11-24 15:43:34 [INFO ] total_steps: 4429, episode reward: [0.0], time_used: 61
2023-11-24 15:43:34 [INFO ] total_steps: 4459, episode reward: [2.75694797112123], time_used: 61
2023-11-24 15:43:35 [INFO ] total_steps: 4489, episode reward: [0.8875713455092004], time_used: 62
2023-11-24 15:43:35 [INFO ] total_steps: 4519, episode reward: [2.0549920229308682], time_used: 62
2023-11-24 15:43:35 [INFO ] total_steps: 4549, episode reward: [0.5085091687352119], time_used: 62
2023-11-24 15:43:36 [INFO ] total_steps: 4579, episode reward: [2.0888722364621906], time_used: 63
2023-11-24 15:43:36 [INFO ] total_steps: 4609, episode reward: [1.0052223760535868], time_used: 63
2023-11-24 15:43:37 [INFO ] total_steps: 4639, episode reward: [2.8777986266228375], time_used: 64
